{"/Users/briananyati/Desktop/projects/sendITReact/src/actions/authActions.js": {"path":"/Users/briananyati/Desktop/projects/sendITReact/src/actions/authActions.js","statementMap":{"0":{"start":{"line":4,"column":29},"end":{"line":32,"column":1}},"1":{"start":{"line":4,"column":37},"end":{"line":32,"column":1}},"2":{"start":{"line":5,"column":2},"end":{"line":7,"column":5}},"3":{"start":{"line":8,"column":2},"end":{"line":31,"column":7}},"4":{"start":{"line":11,"column":6},"end":{"line":14,"column":9}},"5":{"start":{"line":15,"column":6},"end":{"line":15,"column":22}},"6":{"start":{"line":16,"column":6},"end":{"line":19,"column":9}},"7":{"start":{"line":22,"column":6},"end":{"line":25,"column":9}},"8":{"start":{"line":26,"column":6},"end":{"line":26,"column":22}},"9":{"start":{"line":27,"column":6},"end":{"line":30,"column":9}},"10":{"start":{"line":34,"column":25},"end":{"line":62,"column":1}},"11":{"start":{"line":34,"column":32},"end":{"line":62,"column":1}},"12":{"start":{"line":35,"column":2},"end":{"line":37,"column":5}},"13":{"start":{"line":38,"column":2},"end":{"line":61,"column":4}},"14":{"start":{"line":39,"column":4},"end":{"line":42,"column":7}},"15":{"start":{"line":43,"column":4},"end":{"line":43,"column":20}},"16":{"start":{"line":44,"column":4},"end":{"line":47,"column":6}},"17":{"start":{"line":51,"column":8},"end":{"line":54,"column":11}},"18":{"start":{"line":55,"column":8},"end":{"line":55,"column":24}},"19":{"start":{"line":56,"column":8},"end":{"line":59,"column":11}}},"fnMap":{"0":{"name":"(anonymous_0)","decl":{"start":{"line":4,"column":29},"end":{"line":4,"column":30}},"loc":{"start":{"line":4,"column":37},"end":{"line":32,"column":1}},"line":4},"1":{"name":"(anonymous_1)","decl":{"start":{"line":4,"column":37},"end":{"line":4,"column":38}},"loc":{"start":{"line":4,"column":55},"end":{"line":32,"column":1}},"line":4},"2":{"name":"(anonymous_2)","decl":{"start":{"line":10,"column":10},"end":{"line":10,"column":11}},"loc":{"start":{"line":10,"column":22},"end":{"line":20,"column":5}},"line":10},"3":{"name":"(anonymous_3)","decl":{"start":{"line":21,"column":11},"end":{"line":21,"column":12}},"loc":{"start":{"line":21,"column":20},"end":{"line":31,"column":5}},"line":21},"4":{"name":"(anonymous_4)","decl":{"start":{"line":34,"column":25},"end":{"line":34,"column":26}},"loc":{"start":{"line":34,"column":32},"end":{"line":62,"column":1}},"line":34},"5":{"name":"(anonymous_5)","decl":{"start":{"line":34,"column":32},"end":{"line":34,"column":33}},"loc":{"start":{"line":34,"column":48},"end":{"line":62,"column":1}},"line":34},"6":{"name":"(anonymous_6)","decl":{"start":{"line":38,"column":89},"end":{"line":38,"column":90}},"loc":{"start":{"line":38,"column":99},"end":{"line":48,"column":3}},"line":38},"7":{"name":"(anonymous_7)","decl":{"start":{"line":50,"column":6},"end":{"line":50,"column":7}},"loc":{"start":{"line":50,"column":13},"end":{"line":60,"column":7}},"line":50}},"branchMap":{},"s":{"0":3,"1":2,"2":2,"3":2,"4":1,"5":1,"6":1,"7":1,"8":1,"9":1,"10":3,"11":2,"12":2,"13":2,"14":1,"15":1,"16":1,"17":1,"18":1,"19":1},"f":{"0":2,"1":2,"2":1,"3":1,"4":2,"5":2,"6":1,"7":1},"b":{},"_coverageSchema":"43e27e138ebf9cfc5966b082cf9a028302ed4184","hash":"9d94c6d9278c1c73371c7d8ce04abcf43f3eab54"}
,"/Users/briananyati/Desktop/projects/sendITReact/src/actions/createParcelActions.js": {"path":"/Users/briananyati/Desktop/projects/sendITReact/src/actions/createParcelActions.js","statementMap":{"0":{"start":{"line":5,"column":26},"end":{"line":45,"column":1}},"1":{"start":{"line":5,"column":32},"end":{"line":45,"column":1}},"2":{"start":{"line":6,"column":2},"end":{"line":6,"column":25}},"3":{"start":{"line":7,"column":2},"end":{"line":9,"column":5}},"4":{"start":{"line":10,"column":2},"end":{"line":43,"column":4}},"5":{"start":{"line":20,"column":8},"end":{"line":24,"column":10}},"6":{"start":{"line":25,"column":8},"end":{"line":25,"column":24}},"7":{"start":{"line":26,"column":8},"end":{"line":29,"column":11}},"8":{"start":{"line":33,"column":8},"end":{"line":36,"column":11}},"9":{"start":{"line":37,"column":8},"end":{"line":37,"column":24}},"10":{"start":{"line":38,"column":8},"end":{"line":41,"column":11}}},"fnMap":{"0":{"name":"(anonymous_0)","decl":{"start":{"line":5,"column":26},"end":{"line":5,"column":27}},"loc":{"start":{"line":5,"column":32},"end":{"line":45,"column":1}},"line":5},"1":{"name":"(anonymous_1)","decl":{"start":{"line":5,"column":32},"end":{"line":5,"column":33}},"loc":{"start":{"line":5,"column":48},"end":{"line":45,"column":1}},"line":5},"2":{"name":"(anonymous_2)","decl":{"start":{"line":19,"column":6},"end":{"line":19,"column":7}},"loc":{"start":{"line":19,"column":16},"end":{"line":30,"column":7}},"line":19},"3":{"name":"(anonymous_3)","decl":{"start":{"line":32,"column":6},"end":{"line":32,"column":7}},"loc":{"start":{"line":32,"column":14},"end":{"line":42,"column":7}},"line":32}},"branchMap":{},"s":{"0":2,"1":2,"2":2,"3":2,"4":2,"5":1,"6":1,"7":1,"8":1,"9":1,"10":1},"f":{"0":2,"1":2,"2":1,"3":1},"b":{},"_coverageSchema":"43e27e138ebf9cfc5966b082cf9a028302ed4184","hash":"f1a0732ce5b110bbd0963390042247110ce764f8"}
,"/Users/briananyati/Desktop/projects/sendITReact/src/actions/fetchParcelActions.js": {"path":"/Users/briananyati/Desktop/projects/sendITReact/src/actions/fetchParcelActions.js","statementMap":{"0":{"start":{"line":4,"column":32},"end":{"line":26,"column":1}},"1":{"start":{"line":4,"column":37},"end":{"line":26,"column":1}},"2":{"start":{"line":5,"column":2},"end":{"line":7,"column":5}},"3":{"start":{"line":8,"column":2},"end":{"line":25,"column":5}},"4":{"start":{"line":13,"column":6},"end":{"line":16,"column":9}},"5":{"start":{"line":19,"column":4},"end":{"line":24,"column":6}}},"fnMap":{"0":{"name":"(anonymous_0)","decl":{"start":{"line":4,"column":32},"end":{"line":4,"column":33}},"loc":{"start":{"line":4,"column":37},"end":{"line":26,"column":1}},"line":4},"1":{"name":"(anonymous_1)","decl":{"start":{"line":4,"column":37},"end":{"line":4,"column":38}},"loc":{"start":{"line":4,"column":54},"end":{"line":26,"column":1}},"line":4},"2":{"name":"(anonymous_2)","decl":{"start":{"line":12,"column":11},"end":{"line":12,"column":12}},"loc":{"start":{"line":12,"column":21},"end":{"line":17,"column":3}},"line":12},"3":{"name":"(anonymous_3)","decl":{"start":{"line":18,"column":10},"end":{"line":18,"column":11}},"loc":{"start":{"line":18,"column":18},"end":{"line":25,"column":3}},"line":18}},"branchMap":{},"s":{"0":2,"1":2,"2":2,"3":2,"4":1,"5":1},"f":{"0":2,"1":2,"2":1,"3":1},"b":{},"_coverageSchema":"43e27e138ebf9cfc5966b082cf9a028302ed4184","hash":"c5b958442967eb2c57a3b4d536f5a5ce7543cea1"}
,"/Users/briananyati/Desktop/projects/sendITReact/src/actions/typesActions.js": {"path":"/Users/briananyati/Desktop/projects/sendITReact/src/actions/typesActions.js","statementMap":{"0":{"start":{"line":1,"column":23},"end":{"line":1,"column":32}},"1":{"start":{"line":2,"column":30},"end":{"line":2,"column":46}},"2":{"start":{"line":3,"column":26},"end":{"line":3,"column":38}},"3":{"start":{"line":4,"column":29},"end":{"line":4,"column":44}},"4":{"start":{"line":5,"column":27},"end":{"line":5,"column":40}},"5":{"start":{"line":6,"column":27},"end":{"line":6,"column":41}},"6":{"start":{"line":7,"column":32},"end":{"line":7,"column":52}},"7":{"start":{"line":8,"column":28},"end":{"line":8,"column":42}},"8":{"start":{"line":9,"column":33},"end":{"line":9,"column":53}}},"fnMap":{},"branchMap":{},"s":{"0":8,"1":8,"2":8,"3":8,"4":8,"5":8,"6":8,"7":8,"8":8},"f":{},"b":{},"_coverageSchema":"43e27e138ebf9cfc5966b082cf9a028302ed4184","hash":"1b8286b296c1b8f27a17278a7c3af2481da9edb2"}
,"/Users/briananyati/Desktop/projects/sendITReact/src/components/footerComponent.js": {"path":"/Users/briananyati/Desktop/projects/sendITReact/src/components/footerComponent.js","statementMap":{"0":{"start":{"line":2,"column":22},"end":{"line":18,"column":1}},"1":{"start":{"line":3,"column":2},"end":{"line":17,"column":4}}},"fnMap":{"0":{"name":"(anonymous_0)","decl":{"start":{"line":2,"column":22},"end":{"line":2,"column":23}},"loc":{"start":{"line":2,"column":31},"end":{"line":18,"column":1}},"line":2}},"branchMap":{},"s":{"0":1,"1":0},"f":{"0":0},"b":{},"_coverageSchema":"43e27e138ebf9cfc5966b082cf9a028302ed4184","hash":"6593e106aae45264eb9b1ebc8147b36d2def1d97"}
,"/Users/briananyati/Desktop/projects/sendITReact/src/components/homeComponent.js": {"path":"/Users/briananyati/Desktop/projects/sendITReact/src/components/homeComponent.js","statementMap":{"0":{"start":{"line":2,"column":28},"end":{"line":110,"column":1}},"1":{"start":{"line":13,"column":5},"end":{"line":13,"column":10}},"2":{"start":{"line":14,"column":4},"end":{"line":109,"column":6}}},"fnMap":{"0":{"name":"(anonymous_0)","decl":{"start":{"line":2,"column":28},"end":{"line":2,"column":29}},"loc":{"start":{"line":2,"column":37},"end":{"line":110,"column":1}},"line":2}},"branchMap":{"0":{"loc":{"start":{"line":29,"column":15},"end":{"line":102,"column":20}},"type":"binary-expr","locations":[{"start":{"line":29,"column":15},"end":{"line":29,"column":22}},{"start":{"line":30,"column":14},"end":{"line":102,"column":20}}],"line":29}},"s":{"0":2,"1":3,"2":3},"f":{"0":3},"b":{"0":[3,1]},"_coverageSchema":"43e27e138ebf9cfc5966b082cf9a028302ed4184","hash":"e0aa4edce0dd61825dee24dde061b668664d28ed"}
,"/Users/briananyati/Desktop/projects/sendITReact/src/components/loginComponent.js": {"path":"/Users/briananyati/Desktop/projects/sendITReact/src/components/loginComponent.js","statementMap":{"0":{"start":{"line":3,"column":30},"end":{"line":58,"column":1}},"1":{"start":{"line":10,"column":5},"end":{"line":10,"column":10}},"2":{"start":{"line":11,"column":2},"end":{"line":57,"column":4}}},"fnMap":{"0":{"name":"(anonymous_0)","decl":{"start":{"line":3,"column":30},"end":{"line":3,"column":31}},"loc":{"start":{"line":3,"column":41},"end":{"line":58,"column":1}},"line":3}},"branchMap":{"0":{"loc":{"start":{"line":44,"column":23},"end":{"line":44,"column":50}},"type":"cond-expr","locations":[{"start":{"line":44,"column":33},"end":{"line":44,"column":42}},{"start":{"line":44,"column":43},"end":{"line":44,"column":50}}],"line":44}},"s":{"0":2,"1":2,"2":2},"f":{"0":2},"b":{"0":[1,1]},"_coverageSchema":"43e27e138ebf9cfc5966b082cf9a028302ed4184","hash":"379928f820144c52498a72d7ba3d4f68385f33f2"}
,"/Users/briananyati/Desktop/projects/sendITReact/src/components/parcelListComponent.js": {"path":"/Users/briananyati/Desktop/projects/sendITReact/src/components/parcelListComponent.js","statementMap":{"0":{"start":{"line":2,"column":35},"end":{"line":52,"column":1}},"1":{"start":{"line":3,"column":23},"end":{"line":3,"column":28}},"2":{"start":{"line":4,"column":23},"end":{"line":23,"column":4}},"3":{"start":{"line":5,"column":4},"end":{"line":22,"column":5}},"4":{"start":{"line":24,"column":2},"end":{"line":51,"column":4}}},"fnMap":{"0":{"name":"(anonymous_0)","decl":{"start":{"line":2,"column":35},"end":{"line":2,"column":36}},"loc":{"start":{"line":2,"column":44},"end":{"line":52,"column":1}},"line":2},"1":{"name":"(anonymous_1)","decl":{"start":{"line":4,"column":39},"end":{"line":4,"column":40}},"loc":{"start":{"line":4,"column":48},"end":{"line":23,"column":3}},"line":4}},"branchMap":{},"s":{"0":1,"1":0,"2":0,"3":0,"4":0},"f":{"0":0,"1":0},"b":{},"_coverageSchema":"43e27e138ebf9cfc5966b082cf9a028302ed4184","hash":"c1ebdef97b01e0792d6f58aa61744d5f0bd5f653"}
,"/Users/briananyati/Desktop/projects/sendITReact/src/components/registerComponent.js": {"path":"/Users/briananyati/Desktop/projects/sendITReact/src/components/registerComponent.js","statementMap":{"0":{"start":{"line":3,"column":26},"end":{"line":105,"column":1}},"1":{"start":{"line":15,"column":6},"end":{"line":15,"column":11}},"2":{"start":{"line":16,"column":2},"end":{"line":104,"column":4}}},"fnMap":{"0":{"name":"(anonymous_0)","decl":{"start":{"line":3,"column":26},"end":{"line":3,"column":27}},"loc":{"start":{"line":3,"column":35},"end":{"line":105,"column":1}},"line":3}},"branchMap":{"0":{"loc":{"start":{"line":34,"column":17},"end":{"line":38,"column":17}},"type":"cond-expr","locations":[{"start":{"line":35,"column":18},"end":{"line":35,"column":49}},{"start":{"line":37,"column":18},"end":{"line":37,"column":20}}],"line":34},"1":{"loc":{"start":{"line":52,"column":17},"end":{"line":52,"column":75}},"type":"cond-expr","locations":[{"start":{"line":52,"column":43},"end":{"line":52,"column":70}},{"start":{"line":52,"column":73},"end":{"line":52,"column":75}}],"line":52},"2":{"loc":{"start":{"line":57,"column":22},"end":{"line":57,"column":50}},"type":"cond-expr","locations":[{"start":{"line":57,"column":31},"end":{"line":57,"column":37}},{"start":{"line":57,"column":40},"end":{"line":57,"column":50}}],"line":57},"3":{"loc":{"start":{"line":66,"column":15},"end":{"line":70,"column":15}},"type":"cond-expr","locations":[{"start":{"line":67,"column":16},"end":{"line":67,"column":73}},{"start":{"line":69,"column":16},"end":{"line":69,"column":18}}],"line":66},"4":{"loc":{"start":{"line":82,"column":15},"end":{"line":86,"column":15}},"type":"cond-expr","locations":[{"start":{"line":83,"column":16},"end":{"line":83,"column":80}},{"start":{"line":85,"column":16},"end":{"line":85,"column":18}}],"line":82},"5":{"loc":{"start":{"line":92,"column":21},"end":{"line":92,"column":55}},"type":"cond-expr","locations":[{"start":{"line":92,"column":31},"end":{"line":92,"column":44}},{"start":{"line":92,"column":45},"end":{"line":92,"column":55}}],"line":92}},"s":{"0":2,"1":1,"2":1},"f":{"0":1},"b":{"0":[0,1],"1":[0,1],"2":[0,1],"3":[0,1],"4":[0,1],"5":[1,0]},"_coverageSchema":"43e27e138ebf9cfc5966b082cf9a028302ed4184","hash":"bb0c652f3ec06cfdaf5c2683398bb3fc70558516"}
,"/Users/briananyati/Desktop/projects/sendITReact/src/containers/homeContainer.js": {"path":"/Users/briananyati/Desktop/projects/sendITReact/src/containers/homeContainer.js","statementMap":{"0":{"start":{"line":12,"column":4},"end":{"line":12,"column":17}},"1":{"start":{"line":13,"column":4},"end":{"line":20,"column":6}},"2":{"start":{"line":23,"column":31},"end":{"line":23,"column":41}},"3":{"start":{"line":24,"column":4},"end":{"line":24,"column":23}},"4":{"start":{"line":26,"column":18},"end":{"line":32,"column":3}},"5":{"start":{"line":27,"column":4},"end":{"line":27,"column":27}},"6":{"start":{"line":28,"column":4},"end":{"line":28,"column":37}},"7":{"start":{"line":29,"column":4},"end":{"line":31,"column":5}},"8":{"start":{"line":30,"column":6},"end":{"line":30,"column":38}},"9":{"start":{"line":33,"column":11},"end":{"line":37,"column":3}},"10":{"start":{"line":34,"column":4},"end":{"line":34,"column":27}},"11":{"start":{"line":35,"column":26},"end":{"line":35,"column":38}},"12":{"start":{"line":36,"column":4},"end":{"line":36,"column":34}},"13":{"start":{"line":38,"column":11},"end":{"line":57,"column":3}},"14":{"start":{"line":39,"column":4},"end":{"line":39,"column":27}},"15":{"start":{"line":40,"column":26},"end":{"line":40,"column":36}},"16":{"start":{"line":47,"column":6},"end":{"line":47,"column":16}},"17":{"start":{"line":48,"column":17},"end":{"line":55,"column":5}},"18":{"start":{"line":56,"column":4},"end":{"line":56,"column":23}},"19":{"start":{"line":66,"column":8},"end":{"line":66,"column":18}},"20":{"start":{"line":67,"column":26},"end":{"line":67,"column":36}},"21":{"start":{"line":68,"column":4},"end":{"line":68,"column":29}},"22":{"start":{"line":69,"column":4},"end":{"line":85,"column":6}},"23":{"start":{"line":88,"column":31},"end":{"line":93,"column":2}},"24":{"start":{"line":88,"column":39},"end":{"line":93,"column":1}}},"fnMap":{"0":{"name":"(anonymous_0)","decl":{"start":{"line":11,"column":2},"end":{"line":11,"column":3}},"loc":{"start":{"line":11,"column":21},"end":{"line":21,"column":3}},"line":11},"1":{"name":"(anonymous_1)","decl":{"start":{"line":22,"column":2},"end":{"line":22,"column":3}},"loc":{"start":{"line":22,"column":22},"end":{"line":25,"column":3}},"line":22},"2":{"name":"(anonymous_2)","decl":{"start":{"line":26,"column":18},"end":{"line":26,"column":19}},"loc":{"start":{"line":26,"column":29},"end":{"line":32,"column":3}},"line":26},"3":{"name":"(anonymous_3)","decl":{"start":{"line":33,"column":11},"end":{"line":33,"column":12}},"loc":{"start":{"line":33,"column":18},"end":{"line":37,"column":3}},"line":33},"4":{"name":"(anonymous_4)","decl":{"start":{"line":38,"column":11},"end":{"line":38,"column":12}},"loc":{"start":{"line":38,"column":20},"end":{"line":57,"column":3}},"line":38},"5":{"name":"(anonymous_5)","decl":{"start":{"line":58,"column":2},"end":{"line":58,"column":3}},"loc":{"start":{"line":58,"column":11},"end":{"line":86,"column":3}},"line":58},"6":{"name":"(anonymous_6)","decl":{"start":{"line":88,"column":31},"end":{"line":88,"column":32}},"loc":{"start":{"line":88,"column":39},"end":{"line":93,"column":1}},"line":88}},"branchMap":{"0":{"loc":{"start":{"line":29,"column":4},"end":{"line":31,"column":5}},"type":"if","locations":[{"start":{"line":29,"column":4},"end":{"line":31,"column":5}},{"start":{"line":29,"column":4},"end":{"line":31,"column":5}}],"line":29}},"s":{"0":5,"1":5,"2":5,"3":5,"4":5,"5":2,"6":2,"7":2,"8":2,"9":5,"10":1,"11":1,"12":1,"13":5,"14":1,"15":1,"16":1,"17":1,"18":1,"19":12,"20":12,"21":12,"22":12,"23":1,"24":0},"f":{"0":5,"1":5,"2":2,"3":1,"4":1,"5":12,"6":0},"b":{"0":[2,0]},"_coverageSchema":"43e27e138ebf9cfc5966b082cf9a028302ed4184","hash":"0bde4849dcc0f05bdcfa19611742625bdbdbc331"}
,"/Users/briananyati/Desktop/projects/sendITReact/src/containers/loginContainer.js": {"path":"/Users/briananyati/Desktop/projects/sendITReact/src/containers/loginContainer.js","statementMap":{"0":{"start":{"line":9,"column":4},"end":{"line":9,"column":17}},"1":{"start":{"line":10,"column":4},"end":{"line":13,"column":6}},"2":{"start":{"line":16,"column":4},"end":{"line":19,"column":5}},"3":{"start":{"line":17,"column":24},"end":{"line":17,"column":34}},"4":{"start":{"line":18,"column":6},"end":{"line":18,"column":23}},"5":{"start":{"line":22,"column":15},"end":{"line":26,"column":3}},"6":{"start":{"line":23,"column":4},"end":{"line":23,"column":27}},"7":{"start":{"line":24,"column":25},"end":{"line":24,"column":37}},"8":{"start":{"line":25,"column":4},"end":{"line":25,"column":34}},"9":{"start":{"line":27,"column":15},"end":{"line":36,"column":3}},"10":{"start":{"line":28,"column":4},"end":{"line":28,"column":27}},"11":{"start":{"line":29,"column":34},"end":{"line":29,"column":44}},"12":{"start":{"line":30,"column":23},"end":{"line":30,"column":33}},"13":{"start":{"line":31,"column":17},"end":{"line":34,"column":5}},"14":{"start":{"line":35,"column":4},"end":{"line":35,"column":20}},"15":{"start":{"line":38,"column":35},"end":{"line":38,"column":45}},"16":{"start":{"line":40,"column":24},"end":{"line":40,"column":34}},"17":{"start":{"line":41,"column":4},"end":{"line":51,"column":6}},"18":{"start":{"line":54,"column":30},"end":{"line":59,"column":2}},"19":{"start":{"line":54,"column":38},"end":{"line":59,"column":1}}},"fnMap":{"0":{"name":"(anonymous_0)","decl":{"start":{"line":8,"column":2},"end":{"line":8,"column":3}},"loc":{"start":{"line":8,"column":21},"end":{"line":14,"column":3}},"line":8},"1":{"name":"(anonymous_1)","decl":{"start":{"line":15,"column":2},"end":{"line":15,"column":3}},"loc":{"start":{"line":15,"column":39},"end":{"line":20,"column":3}},"line":15},"2":{"name":"(anonymous_2)","decl":{"start":{"line":22,"column":15},"end":{"line":22,"column":16}},"loc":{"start":{"line":22,"column":22},"end":{"line":26,"column":3}},"line":22},"3":{"name":"(anonymous_3)","decl":{"start":{"line":27,"column":15},"end":{"line":27,"column":16}},"loc":{"start":{"line":27,"column":22},"end":{"line":36,"column":3}},"line":27},"4":{"name":"(anonymous_4)","decl":{"start":{"line":37,"column":2},"end":{"line":37,"column":3}},"loc":{"start":{"line":37,"column":11},"end":{"line":52,"column":3}},"line":37},"5":{"name":"(anonymous_5)","decl":{"start":{"line":54,"column":30},"end":{"line":54,"column":31}},"loc":{"start":{"line":54,"column":38},"end":{"line":59,"column":1}},"line":54}},"branchMap":{"0":{"loc":{"start":{"line":16,"column":4},"end":{"line":19,"column":5}},"type":"if","locations":[{"start":{"line":16,"column":4},"end":{"line":19,"column":5}},{"start":{"line":16,"column":4},"end":{"line":19,"column":5}}],"line":16}},"s":{"0":6,"1":6,"2":2,"3":1,"4":1,"5":6,"6":1,"7":1,"8":1,"9":6,"10":1,"11":1,"12":1,"13":1,"14":1,"15":9,"16":9,"17":9,"18":1,"19":1},"f":{"0":6,"1":2,"2":1,"3":1,"4":9,"5":1},"b":{"0":[1,1]},"_coverageSchema":"43e27e138ebf9cfc5966b082cf9a028302ed4184","hash":"24d6e70885533107bff9206082b319ad1560eb93"}
,"/Users/briananyati/Desktop/projects/sendITReact/src/containers/registerContainer.js": {"path":"/Users/briananyati/Desktop/projects/sendITReact/src/containers/registerContainer.js","statementMap":{"0":{"start":{"line":10,"column":4},"end":{"line":10,"column":17}},"1":{"start":{"line":11,"column":4},"end":{"line":24,"column":6}},"2":{"start":{"line":26,"column":30},"end":{"line":31,"column":3}},"3":{"start":{"line":27,"column":4},"end":{"line":30,"column":5}},"4":{"start":{"line":28,"column":23},"end":{"line":28,"column":33}},"5":{"start":{"line":29,"column":6},"end":{"line":29,"column":29}},"6":{"start":{"line":32,"column":13},"end":{"line":66,"column":3}},"7":{"start":{"line":33,"column":4},"end":{"line":33,"column":23}},"8":{"start":{"line":34,"column":28},"end":{"line":34,"column":36}},"9":{"start":{"line":35,"column":21},"end":{"line":35,"column":31}},"10":{"start":{"line":37,"column":4},"end":{"line":64,"column":5}},"11":{"start":{"line":39,"column":8},"end":{"line":42,"column":17}},"12":{"start":{"line":43,"column":8},"end":{"line":43,"column":14}},"13":{"start":{"line":45,"column":8},"end":{"line":47,"column":15}},"14":{"start":{"line":48,"column":8},"end":{"line":48,"column":14}},"15":{"start":{"line":50,"column":8},"end":{"line":53,"column":17}},"16":{"start":{"line":54,"column":8},"end":{"line":54,"column":14}},"17":{"start":{"line":56,"column":8},"end":{"line":60,"column":9}},"18":{"start":{"line":57,"column":10},"end":{"line":57,"column":67}},"19":{"start":{"line":59,"column":10},"end":{"line":59,"column":38}},"20":{"start":{"line":61,"column":8},"end":{"line":61,"column":14}},"21":{"start":{"line":63,"column":8},"end":{"line":63,"column":14}},"22":{"start":{"line":65,"column":4},"end":{"line":65,"column":45}},"23":{"start":{"line":67,"column":13},"end":{"line":77,"column":3}},"24":{"start":{"line":68,"column":4},"end":{"line":68,"column":23}},"25":{"start":{"line":69,"column":30},"end":{"line":69,"column":40}},"26":{"start":{"line":70,"column":41},"end":{"line":70,"column":51}},"27":{"start":{"line":71,"column":19},"end":{"line":75,"column":7}},"28":{"start":{"line":76,"column":4},"end":{"line":76,"column":24}},"29":{"start":{"line":78,"column":13},"end":{"line":80,"column":3}},"30":{"start":{"line":79,"column":4},"end":{"line":79,"column":50}},"31":{"start":{"line":89,"column":8},"end":{"line":89,"column":18}},"32":{"start":{"line":90,"column":24},"end":{"line":90,"column":34}},"33":{"start":{"line":91,"column":4},"end":{"line":106,"column":6}},"34":{"start":{"line":109,"column":30},"end":{"line":114,"column":2}},"35":{"start":{"line":109,"column":38},"end":{"line":114,"column":1}}},"fnMap":{"0":{"name":"(anonymous_0)","decl":{"start":{"line":9,"column":2},"end":{"line":9,"column":3}},"loc":{"start":{"line":9,"column":21},"end":{"line":25,"column":3}},"line":9},"1":{"name":"(anonymous_1)","decl":{"start":{"line":26,"column":30},"end":{"line":26,"column":31}},"loc":{"start":{"line":26,"column":43},"end":{"line":31,"column":3}},"line":26},"2":{"name":"(anonymous_2)","decl":{"start":{"line":32,"column":13},"end":{"line":32,"column":14}},"loc":{"start":{"line":32,"column":18},"end":{"line":66,"column":3}},"line":32},"3":{"name":"(anonymous_3)","decl":{"start":{"line":67,"column":13},"end":{"line":67,"column":14}},"loc":{"start":{"line":67,"column":18},"end":{"line":77,"column":3}},"line":67},"4":{"name":"(anonymous_4)","decl":{"start":{"line":78,"column":13},"end":{"line":78,"column":14}},"loc":{"start":{"line":78,"column":19},"end":{"line":80,"column":3}},"line":78},"5":{"name":"(anonymous_5)","decl":{"start":{"line":81,"column":2},"end":{"line":81,"column":3}},"loc":{"start":{"line":81,"column":11},"end":{"line":107,"column":3}},"line":81},"6":{"name":"(anonymous_6)","decl":{"start":{"line":109,"column":30},"end":{"line":109,"column":31}},"loc":{"start":{"line":109,"column":38},"end":{"line":114,"column":1}},"line":109}},"branchMap":{"0":{"loc":{"start":{"line":27,"column":4},"end":{"line":30,"column":5}},"type":"if","locations":[{"start":{"line":27,"column":4},"end":{"line":30,"column":5}},{"start":{"line":27,"column":4},"end":{"line":30,"column":5}}],"line":27},"1":{"loc":{"start":{"line":37,"column":4},"end":{"line":64,"column":5}},"type":"switch","locations":[{"start":{"line":38,"column":6},"end":{"line":43,"column":14}},{"start":{"line":44,"column":6},"end":{"line":48,"column":14}},{"start":{"line":49,"column":6},"end":{"line":54,"column":14}},{"start":{"line":55,"column":6},"end":{"line":61,"column":14}},{"start":{"line":62,"column":6},"end":{"line":63,"column":14}}],"line":37},"2":{"loc":{"start":{"line":40,"column":10},"end":{"line":42,"column":16}},"type":"cond-expr","locations":[{"start":{"line":41,"column":14},"end":{"line":41,"column":62}},{"start":{"line":42,"column":14},"end":{"line":42,"column":16}}],"line":40},"3":{"loc":{"start":{"line":45,"column":23},"end":{"line":47,"column":14}},"type":"cond-expr","locations":[{"start":{"line":46,"column":12},"end":{"line":46,"column":35}},{"start":{"line":47,"column":12},"end":{"line":47,"column":14}}],"line":45},"4":{"loc":{"start":{"line":51,"column":10},"end":{"line":53,"column":16}},"type":"cond-expr","locations":[{"start":{"line":52,"column":14},"end":{"line":52,"column":60}},{"start":{"line":53,"column":14},"end":{"line":53,"column":16}}],"line":51},"5":{"loc":{"start":{"line":56,"column":8},"end":{"line":60,"column":9}},"type":"if","locations":[{"start":{"line":56,"column":8},"end":{"line":60,"column":9}},{"start":{"line":56,"column":8},"end":{"line":60,"column":9}}],"line":56}},"s":{"0":15,"1":15,"2":15,"3":2,"4":1,"5":1,"6":15,"7":9,"8":9,"9":9,"10":9,"11":2,"12":2,"13":2,"14":2,"15":2,"16":2,"17":2,"18":1,"19":1,"20":2,"21":1,"22":9,"23":15,"24":1,"25":1,"26":1,"27":1,"28":1,"29":15,"30":1,"31":29,"32":29,"33":29,"34":1,"35":1},"f":{"0":15,"1":2,"2":9,"3":1,"4":1,"5":29,"6":1},"b":{"0":[1,1],"1":[2,2,2,2,1],"2":[1,1],"3":[1,1],"4":[1,1],"5":[1,1]},"_coverageSchema":"43e27e138ebf9cfc5966b082cf9a028302ed4184","hash":"e3d04c28e77cc76caabb6d5883f959b6d921409f"}
,"/Users/briananyati/Desktop/projects/sendITReact/src/reducers/loginReducer.js": {"path":"/Users/briananyati/Desktop/projects/sendITReact/src/reducers/loginReducer.js","statementMap":{"0":{"start":{"line":3,"column":19},"end":{"line":9,"column":1}},"1":{"start":{"line":11,"column":2},"end":{"line":34,"column":3}},"2":{"start":{"line":13,"column":6},"end":{"line":19,"column":8}},"3":{"start":{"line":21,"column":6},"end":{"line":25,"column":8}},"4":{"start":{"line":27,"column":6},"end":{"line":31,"column":8}},"5":{"start":{"line":33,"column":6},"end":{"line":33,"column":18}}},"fnMap":{"0":{"name":"(anonymous_0)","decl":{"start":{"line":10,"column":15},"end":{"line":10,"column":16}},"loc":{"start":{"line":10,"column":45},"end":{"line":35,"column":1}},"line":10}},"branchMap":{"0":{"loc":{"start":{"line":10,"column":16},"end":{"line":10,"column":34}},"type":"default-arg","locations":[{"start":{"line":10,"column":22},"end":{"line":10,"column":34}}],"line":10},"1":{"loc":{"start":{"line":11,"column":2},"end":{"line":34,"column":3}},"type":"switch","locations":[{"start":{"line":12,"column":4},"end":{"line":19,"column":8}},{"start":{"line":20,"column":4},"end":{"line":25,"column":8}},{"start":{"line":26,"column":4},"end":{"line":31,"column":8}},{"start":{"line":32,"column":4},"end":{"line":33,"column":18}}],"line":11}},"s":{"0":1,"1":4,"2":1,"3":1,"4":1,"5":1},"f":{"0":4},"b":{"0":[1],"1":[1,1,1,1]},"_coverageSchema":"43e27e138ebf9cfc5966b082cf9a028302ed4184","hash":"ce8666e5d732f2842b433dfcb9a52f9cc89be936"}
,"/Users/briananyati/Desktop/projects/sendITReact/src/reducers/registerReducer.js": {"path":"/Users/briananyati/Desktop/projects/sendITReact/src/reducers/registerReducer.js","statementMap":{"0":{"start":{"line":2,"column":21},"end":{"line":7,"column":1}},"1":{"start":{"line":9,"column":2},"end":{"line":31,"column":3}},"2":{"start":{"line":11,"column":6},"end":{"line":16,"column":8}},"3":{"start":{"line":18,"column":6},"end":{"line":21,"column":8}},"4":{"start":{"line":23,"column":6},"end":{"line":28,"column":8}},"5":{"start":{"line":30,"column":6},"end":{"line":30,"column":19}}},"fnMap":{"0":{"name":"(anonymous_0)","decl":{"start":{"line":8,"column":15},"end":{"line":8,"column":16}},"loc":{"start":{"line":8,"column":54},"end":{"line":32,"column":1}},"line":8}},"branchMap":{"0":{"loc":{"start":{"line":8,"column":24},"end":{"line":8,"column":44}},"type":"default-arg","locations":[{"start":{"line":8,"column":32},"end":{"line":8,"column":44}}],"line":8},"1":{"loc":{"start":{"line":9,"column":2},"end":{"line":31,"column":3}},"type":"switch","locations":[{"start":{"line":10,"column":4},"end":{"line":16,"column":8}},{"start":{"line":17,"column":4},"end":{"line":21,"column":8}},{"start":{"line":22,"column":4},"end":{"line":28,"column":8}},{"start":{"line":29,"column":4},"end":{"line":30,"column":19}}],"line":9}},"s":{"0":1,"1":4,"2":1,"3":1,"4":1,"5":1},"f":{"0":4},"b":{"0":[1],"1":[1,1,1,1]},"_coverageSchema":"43e27e138ebf9cfc5966b082cf9a028302ed4184","hash":"3890f4b47bde7f4d8a0c4659612b2944166c7509"}
,"/Users/briananyati/Desktop/projects/sendITReact/src/tests/mockdata/mockdata.js": {"path":"/Users/briananyati/Desktop/projects/sendITReact/src/tests/mockdata/mockdata.js","statementMap":{"0":{"start":{"line":1,"column":19},"end":{"line":85,"column":4}}},"fnMap":{},"branchMap":{},"s":{"0":1},"f":{},"b":{},"_coverageSchema":"43e27e138ebf9cfc5966b082cf9a028302ed4184","hash":"882ec6ce6158d9d58fd0d655015b2c8f90ba6273"}
,"/Users/briananyati/Desktop/projects/sendITReact/src/utilites/Regexs.js": {"path":"/Users/briananyati/Desktop/projects/sendITReact/src/utilites/Regexs.js","statementMap":{"0":{"start":{"line":1,"column":31},"end":{"line":3,"column":1}}},"fnMap":{},"branchMap":{},"s":{"0":1},"f":{},"b":{},"_coverageSchema":"43e27e138ebf9cfc5966b082cf9a028302ed4184","hash":"94e50ef7e7966dec2bab34292abd2f52d73ba9b5"}
}
