TN:
SF:/Users/briananyati/Desktop/projects/sendITReact/src/actions/authActions.js
FN:4,(anonymous_0)
FN:4,(anonymous_1)
FN:10,(anonymous_2)
FN:21,(anonymous_3)
FN:34,(anonymous_4)
FN:34,(anonymous_5)
FN:38,(anonymous_6)
FN:50,(anonymous_7)
FNF:8
FNH:8
FNDA:2,(anonymous_0)
FNDA:2,(anonymous_1)
FNDA:1,(anonymous_2)
FNDA:1,(anonymous_3)
FNDA:2,(anonymous_4)
FNDA:2,(anonymous_5)
FNDA:1,(anonymous_6)
FNDA:1,(anonymous_7)
DA:4,3
DA:5,2
DA:8,2
DA:11,1
DA:15,1
DA:16,1
DA:22,1
DA:26,1
DA:27,1
DA:34,3
DA:35,2
DA:38,2
DA:39,1
DA:43,1
DA:44,1
DA:51,1
DA:55,1
DA:56,1
LF:18
LH:18
BRF:0
BRH:0
end_of_record
TN:
SF:/Users/briananyati/Desktop/projects/sendITReact/src/actions/createParcelActions.js
FN:5,(anonymous_0)
FN:5,(anonymous_1)
FN:19,(anonymous_2)
FN:32,(anonymous_3)
FNF:4
FNH:4
FNDA:2,(anonymous_0)
FNDA:2,(anonymous_1)
FNDA:1,(anonymous_2)
FNDA:1,(anonymous_3)
DA:5,2
DA:6,2
DA:7,2
DA:10,2
DA:20,1
DA:25,1
DA:26,1
DA:33,1
DA:37,1
DA:38,1
LF:10
LH:10
BRF:0
BRH:0
end_of_record
TN:
SF:/Users/briananyati/Desktop/projects/sendITReact/src/actions/fetchParcelActions.js
FN:4,(anonymous_0)
FN:4,(anonymous_1)
FN:12,(anonymous_2)
FN:18,(anonymous_3)
FNF:4
FNH:4
FNDA:2,(anonymous_0)
FNDA:2,(anonymous_1)
FNDA:1,(anonymous_2)
FNDA:1,(anonymous_3)
DA:4,2
DA:5,2
DA:8,2
DA:13,1
DA:19,1
LF:5
LH:5
BRF:0
BRH:0
end_of_record
TN:
SF:/Users/briananyati/Desktop/projects/sendITReact/src/actions/typesActions.js
FNF:0
FNH:0
DA:1,8
DA:2,8
DA:3,8
DA:4,8
DA:5,8
DA:6,8
DA:7,8
DA:8,8
DA:9,8
LF:9
LH:9
BRF:0
BRH:0
end_of_record
TN:
SF:/Users/briananyati/Desktop/projects/sendITReact/src/components/footerComponent.js
FN:2,(anonymous_0)
FNF:1
FNH:0
FNDA:0,(anonymous_0)
DA:2,1
DA:3,0
LF:2
LH:1
BRF:0
BRH:0
end_of_record
TN:
SF:/Users/briananyati/Desktop/projects/sendITReact/src/components/homeComponent.js
FN:2,(anonymous_0)
FNF:1
FNH:1
FNDA:3,(anonymous_0)
DA:2,2
DA:13,3
DA:14,3
LF:3
LH:3
BRDA:29,0,0,3
BRDA:29,0,1,1
BRF:2
BRH:2
end_of_record
TN:
SF:/Users/briananyati/Desktop/projects/sendITReact/src/components/loginComponent.js
FN:3,(anonymous_0)
FNF:1
FNH:1
FNDA:2,(anonymous_0)
DA:3,2
DA:10,2
DA:11,2
LF:3
LH:3
BRDA:44,0,0,1
BRDA:44,0,1,1
BRF:2
BRH:2
end_of_record
TN:
SF:/Users/briananyati/Desktop/projects/sendITReact/src/components/parcelListComponent.js
FN:2,(anonymous_0)
FN:4,(anonymous_1)
FNF:2
FNH:0
FNDA:0,(anonymous_0)
FNDA:0,(anonymous_1)
DA:2,1
DA:3,0
DA:4,0
DA:5,0
DA:24,0
LF:5
LH:1
BRF:0
BRH:0
end_of_record
TN:
SF:/Users/briananyati/Desktop/projects/sendITReact/src/components/registerComponent.js
FN:3,(anonymous_0)
FNF:1
FNH:1
FNDA:1,(anonymous_0)
DA:3,2
DA:15,1
DA:16,1
LF:3
LH:3
BRDA:34,0,0,0
BRDA:34,0,1,1
BRDA:52,1,0,0
BRDA:52,1,1,1
BRDA:57,2,0,0
BRDA:57,2,1,1
BRDA:66,3,0,0
BRDA:66,3,1,1
BRDA:82,4,0,0
BRDA:82,4,1,1
BRDA:92,5,0,1
BRDA:92,5,1,0
BRF:12
BRH:6
end_of_record
TN:
SF:/Users/briananyati/Desktop/projects/sendITReact/src/containers/homeContainer.js
FN:11,(anonymous_0)
FN:22,(anonymous_1)
FN:26,(anonymous_2)
FN:33,(anonymous_3)
FN:38,(anonymous_4)
FN:58,(anonymous_5)
FN:88,(anonymous_6)
FNF:7
FNH:6
FNDA:5,(anonymous_0)
FNDA:5,(anonymous_1)
FNDA:2,(anonymous_2)
FNDA:1,(anonymous_3)
FNDA:1,(anonymous_4)
FNDA:12,(anonymous_5)
FNDA:0,(anonymous_6)
DA:12,5
DA:13,5
DA:23,5
DA:24,5
DA:26,5
DA:27,2
DA:28,2
DA:29,2
DA:30,2
DA:33,5
DA:34,1
DA:35,1
DA:36,1
DA:38,5
DA:39,1
DA:40,1
DA:47,1
DA:48,1
DA:56,1
DA:66,12
DA:67,12
DA:68,12
DA:69,12
DA:88,1
LF:24
LH:24
BRDA:29,0,0,2
BRDA:29,0,1,0
BRF:2
BRH:1
end_of_record
TN:
SF:/Users/briananyati/Desktop/projects/sendITReact/src/containers/loginContainer.js
FN:8,(anonymous_0)
FN:15,(anonymous_1)
FN:22,(anonymous_2)
FN:27,(anonymous_3)
FN:37,(anonymous_4)
FN:54,(anonymous_5)
FNF:6
FNH:6
FNDA:6,(anonymous_0)
FNDA:2,(anonymous_1)
FNDA:1,(anonymous_2)
FNDA:1,(anonymous_3)
FNDA:9,(anonymous_4)
FNDA:1,(anonymous_5)
DA:9,6
DA:10,6
DA:16,2
DA:17,1
DA:18,1
DA:22,6
DA:23,1
DA:24,1
DA:25,1
DA:27,6
DA:28,1
DA:29,1
DA:30,1
DA:31,1
DA:35,1
DA:38,9
DA:40,9
DA:41,9
DA:54,1
LF:19
LH:19
BRDA:16,0,0,1
BRDA:16,0,1,1
BRF:2
BRH:2
end_of_record
TN:
SF:/Users/briananyati/Desktop/projects/sendITReact/src/containers/registerContainer.js
FN:9,(anonymous_0)
FN:26,(anonymous_1)
FN:32,(anonymous_2)
FN:67,(anonymous_3)
FN:78,(anonymous_4)
FN:81,(anonymous_5)
FN:109,(anonymous_6)
FNF:7
FNH:7
FNDA:15,(anonymous_0)
FNDA:2,(anonymous_1)
FNDA:9,(anonymous_2)
FNDA:1,(anonymous_3)
FNDA:1,(anonymous_4)
FNDA:29,(anonymous_5)
FNDA:1,(anonymous_6)
DA:10,15
DA:11,15
DA:26,15
DA:27,2
DA:28,1
DA:29,1
DA:32,15
DA:33,9
DA:34,9
DA:35,9
DA:37,9
DA:39,2
DA:43,2
DA:45,2
DA:48,2
DA:50,2
DA:54,2
DA:56,2
DA:57,1
DA:59,1
DA:61,2
DA:63,1
DA:65,9
DA:67,15
DA:68,1
DA:69,1
DA:70,1
DA:71,1
DA:76,1
DA:78,15
DA:79,1
DA:89,29
DA:90,29
DA:91,29
DA:109,1
LF:35
LH:35
BRDA:27,0,0,1
BRDA:27,0,1,1
BRDA:37,1,0,2
BRDA:37,1,1,2
BRDA:37,1,2,2
BRDA:37,1,3,2
BRDA:37,1,4,1
BRDA:40,2,0,1
BRDA:40,2,1,1
BRDA:45,3,0,1
BRDA:45,3,1,1
BRDA:51,4,0,1
BRDA:51,4,1,1
BRDA:56,5,0,1
BRDA:56,5,1,1
BRF:15
BRH:15
end_of_record
TN:
SF:/Users/briananyati/Desktop/projects/sendITReact/src/reducers/loginReducer.js
FN:10,(anonymous_0)
FNF:1
FNH:1
FNDA:4,(anonymous_0)
DA:3,1
DA:11,4
DA:13,1
DA:21,1
DA:27,1
DA:33,1
LF:6
LH:6
BRDA:10,0,0,1
BRDA:11,1,0,1
BRDA:11,1,1,1
BRDA:11,1,2,1
BRDA:11,1,3,1
BRF:5
BRH:5
end_of_record
TN:
SF:/Users/briananyati/Desktop/projects/sendITReact/src/reducers/registerReducer.js
FN:8,(anonymous_0)
FNF:1
FNH:1
FNDA:4,(anonymous_0)
DA:2,1
DA:9,4
DA:11,1
DA:18,1
DA:23,1
DA:30,1
LF:6
LH:6
BRDA:8,0,0,1
BRDA:9,1,0,1
BRDA:9,1,1,1
BRDA:9,1,2,1
BRDA:9,1,3,1
BRF:5
BRH:5
end_of_record
TN:
SF:/Users/briananyati/Desktop/projects/sendITReact/src/tests/mockdata/mockdata.js
FNF:0
FNH:0
DA:1,1
LF:1
LH:1
BRF:0
BRH:0
end_of_record
TN:
SF:/Users/briananyati/Desktop/projects/sendITReact/src/utilites/Regexs.js
FNF:0
FNH:0
DA:1,1
LF:1
LH:1
BRF:0
BRH:0
end_of_record
